0 info it worked if it ends with ok
1 verbose cli [ '/usr/local/bin/node', '/usr/local/bin/npm', 'publish' ]
2 info using npm@3.10.3
3 info using node@v6.7.0
4 verbose publish [ '.' ]
5 silly cache add args [ '.', null ]
6 verbose cache add spec .
7 silly cache add parsed spec Result {
7 silly cache add   raw: '.',
7 silly cache add   scope: null,
7 silly cache add   escapedName: null,
7 silly cache add   name: null,
7 silly cache add   rawSpec: '.',
7 silly cache add   spec: '/Users/amalyuhin/Projects/npm-test',
7 silly cache add   type: 'directory' }
8 verbose addLocalDirectory /Users/amalyuhin/.npm/npm-test/1.0.0/package.tgz not in flight; packing
9 verbose correctMkdir /Users/amalyuhin/.npm correctMkdir not in flight; initializing
10 info lifecycle npm-test@1.0.0~prepublish: npm-test@1.0.0
11 silly lifecycle npm-test@1.0.0~prepublish: no script for prepublish, continuing
12 verbose tar pack [ '/Users/amalyuhin/.npm/npm-test/1.0.0/package.tgz',
12 verbose tar pack   '/Users/amalyuhin/Projects/npm-test' ]
13 verbose tarball /Users/amalyuhin/.npm/npm-test/1.0.0/package.tgz
14 verbose folder /Users/amalyuhin/Projects/npm-test
15 verbose addLocalTarball adding from inside cache /Users/amalyuhin/.npm/npm-test/1.0.0/package.tgz
16 verbose correctMkdir /Users/amalyuhin/.npm correctMkdir not in flight; initializing
17 silly cache afterAdd npm-test@1.0.0
18 verbose afterAdd /Users/amalyuhin/.npm/npm-test/1.0.0/package/package.json not in flight; writing
19 verbose correctMkdir /Users/amalyuhin/.npm correctMkdir not in flight; initializing
20 verbose afterAdd /Users/amalyuhin/.npm/npm-test/1.0.0/package/package.json written
21 silly publish { name: 'npm-test',
21 silly publish   version: '1.0.0',
21 silly publish   description: 'NPM test',
21 silly publish   main: 'index.js',
21 silly publish   scripts: { test: 'echo "Error: no test specified" && exit 1' },
21 silly publish   author: '',
21 silly publish   license: 'ISC',
21 silly publish   readme: 'NPM test\n',
21 silly publish   readmeFilename: 'README.md',
21 silly publish   gitHead: 'a58287a18ee8d37c9cb2b188cb6211b3ddd4ad54',
21 silly publish   _id: 'npm-test@1.0.0',
21 silly publish   _shasum: 'fa2d8efb47375ffdfa533575d868e84991e6215f',
21 silly publish   _from: '.' }
22 verbose getPublishConfig undefined
23 silly mapToRegistry name npm-test
24 silly mapToRegistry using default registry
25 silly mapToRegistry registry https://registry.npmjs.org/
26 silly mapToRegistry data Result {
26 silly mapToRegistry   raw: 'npm-test',
26 silly mapToRegistry   scope: null,
26 silly mapToRegistry   escapedName: 'npm-test',
26 silly mapToRegistry   name: 'npm-test',
26 silly mapToRegistry   rawSpec: '',
26 silly mapToRegistry   spec: 'latest',
26 silly mapToRegistry   type: 'tag' }
27 silly mapToRegistry uri https://registry.npmjs.org/npm-test
28 verbose publish registryBase https://registry.npmjs.org/
29 silly publish uploading /Users/amalyuhin/.npm/npm-test/1.0.0/package.tgz
30 verbose request uri https://registry.npmjs.org/npm-test
31 verbose request sending authorization for write operation
32 info attempt registry request try #1 at 12:48:03
33 verbose request using bearer token for auth
34 verbose request id bdfc741553c6f0d4
35 http request PUT https://registry.npmjs.org/npm-test
36 http 403 https://registry.npmjs.org/npm-test
37 verbose headers { 'content-type': 'application/json',
37 verbose headers   'cache-control': 'max-age=300',
37 verbose headers   'content-length': '102',
37 verbose headers   'accept-ranges': 'bytes',
37 verbose headers   date: 'Wed, 08 Nov 2017 06:48:13 GMT',
37 verbose headers   via: '1.1 varnish',
37 verbose headers   connection: 'keep-alive',
37 verbose headers   'x-served-by': 'cache-hhn1534-HHN',
37 verbose headers   'x-cache': 'MISS',
37 verbose headers   'x-cache-hits': '0',
37 verbose headers   'x-timer': 'S1510123693.282917,VS0,VE643',
37 verbose headers   vary: 'Accept-Encoding, Accept' }
38 verbose request invalidating /Users/amalyuhin/.npm/registry.npmjs.org/npm-test on PUT
39 error publish Failed PUT 403
40 verbose stack Error: You do not have permission to publish "npm-test". Are you logged in as the correct user? : npm-test
40 verbose stack     at makeError (/usr/local/lib/node_modules/npm/node_modules/npm-registry-client/lib/request.js:264:12)
40 verbose stack     at CachingRegistryClient.<anonymous> (/usr/local/lib/node_modules/npm/node_modules/npm-registry-client/lib/request.js:252:14)
40 verbose stack     at Request._callback (/usr/local/lib/node_modules/npm/node_modules/npm-registry-client/lib/request.js:172:14)
40 verbose stack     at Request.self.callback (/usr/local/lib/node_modules/npm/node_modules/request/request.js:200:22)
40 verbose stack     at emitTwo (events.js:106:13)
40 verbose stack     at Request.emit (events.js:191:7)
40 verbose stack     at Request.<anonymous> (/usr/local/lib/node_modules/npm/node_modules/request/request.js:1067:10)
40 verbose stack     at emitOne (events.js:101:20)
40 verbose stack     at Request.emit (events.js:188:7)
40 verbose stack     at IncomingMessage.<anonymous> (/usr/local/lib/node_modules/npm/node_modules/request/request.js:988:12)
41 verbose statusCode 403
42 verbose pkgid npm-test
43 verbose cwd /Users/amalyuhin/Projects/npm-test
44 error Darwin 16.7.0
45 error argv "/usr/local/bin/node" "/usr/local/bin/npm" "publish"
46 error node v6.7.0
47 error npm  v3.10.3
48 error code E403
49 error You do not have permission to publish "npm-test". Are you logged in as the correct user? : npm-test
50 error If you need help, you may report this error at:
50 error     <https://github.com/npm/npm/issues>
51 verbose exit [ 1, true ]
